2024-10-09T10:23:35.241+03:00  WARN 14224 --- [HikariPool-1 housekeeper] com.zaxxer.hikari.pool.HikariPool        : HikariPool-1 - Thread starvation or clock leap detected (housekeeper delta=10h59m51s89ms211µs400ns).
2024-10-09T12:39:44.478+03:00  INFO 14224 --- [File Watcher] rtingClassPathChangeChangedEventListener : Restarting due to 1 class path change (0 additions, 0 deletions, 1 modification)
2024-10-09T12:39:44.890+03:00  INFO 14224 --- [Thread-5] j.LocalContainerEntityManagerFactoryBean : Closing JPA EntityManagerFactory for persistence unit 'default'
2024-10-09T12:39:44.978+03:00  WARN 14224 --- [Thread-5] o.s.b.f.support.DisposableBeanAdapter    : Invocation of destroy method failed on bean with name 'inMemoryDatabaseShutdownExecutor': org.h2.jdbc.JdbcSQLNonTransientConnectionException: База данных уже закрыта (чтобы отключить автоматическое закрытие базы данных при останове JVM, добавьте ";DB_CLOSE_ON_EXIT=FALSE" в URL)
Database is already closed (to disable automatic closing at VM shutdown, add ";DB_CLOSE_ON_EXIT=FALSE" to the db URL) [90121-224]
2024-10-09T12:39:45.230+03:00  INFO 14224 --- [restartedMain] c.jrp.pma.ProjectManagementApplication   : Starting ProjectManagementApplication using Java 17.0.1 with PID 14224 (D:\ITStep\IdeaProjects\Spring5Boot2JPAThymeleafAOPWebMVCREST\project-management\target\classes started by User in D:\ITStep\IdeaProjects\Spring5Boot2JPAThymeleafAOPWebMVCREST\project-management)
2024-10-09T12:39:45.231+03:00 DEBUG 14224 --- [restartedMain] c.jrp.pma.ProjectManagementApplication   : Running with Spring Boot v3.3.1, Spring v6.1.10
2024-10-09T12:39:45.231+03:00  INFO 14224 --- [restartedMain] c.jrp.pma.ProjectManagementApplication   : The following 1 profile is active: "dev"
2024-10-09T12:39:45.443+03:00  INFO 14224 --- [restartedMain] .s.d.r.c.RepositoryConfigurationDelegate : Bootstrapping Spring Data JPA repositories in DEFAULT mode.
2024-10-09T12:39:45.453+03:00  INFO 14224 --- [restartedMain] .s.d.r.c.RepositoryConfigurationDelegate : Finished Spring Data repository scanning in 9 ms. Found 2 JPA repository interfaces.
2024-10-09T12:39:45.632+03:00  INFO 14224 --- [restartedMain] o.s.b.w.embedded.tomcat.TomcatWebServer  : Tomcat initialized with port 8080 (http)
2024-10-09T12:39:45.648+03:00  INFO 14224 --- [restartedMain] w.s.c.ServletWebServerApplicationContext : Root WebApplicationContext: initialization completed in 414 ms
2024-10-09T12:39:45.662+03:00  INFO 14224 --- [restartedMain] o.s.b.a.h2.H2ConsoleAutoConfiguration    : H2 console available at '/h2-console'. Database available at 'jdbc:h2:mem:bac73415-3758-4610-ab5a-77bbbdd23e2c'
2024-10-09T12:39:45.705+03:00  INFO 14224 --- [restartedMain] o.s.o.j.p.SpringPersistenceUnitInfo      : No LoadTimeWeaver setup: ignoring JPA class transformer
2024-10-09T12:39:45.764+03:00  INFO 14224 --- [restartedMain] j.LocalContainerEntityManagerFactoryBean : Initialized JPA EntityManagerFactory for persistence unit 'default'
2024-10-09T12:39:45.859+03:00  WARN 14224 --- [restartedMain] JpaBaseConfiguration$JpaWebConfiguration : spring.jpa.open-in-view is enabled by default. Therefore, database queries may be performed during view rendering. Explicitly configure spring.jpa.open-in-view to disable this warning
2024-10-09T12:39:46.092+03:00  INFO 14224 --- [restartedMain] r$InitializeUserDetailsManagerConfigurer : Global AuthenticationManager configured with UserDetailsService bean with name userDetailsService
2024-10-09T12:39:46.105+03:00  INFO 14224 --- [restartedMain] o.s.b.a.w.s.WelcomePageHandlerMapping    : Adding welcome page template: index
2024-10-09T12:39:46.310+03:00  INFO 14224 --- [restartedMain] o.s.b.d.a.OptionalLiveReloadServer       : LiveReload server is running on port 35729
2024-10-09T12:39:46.324+03:00  INFO 14224 --- [restartedMain] o.s.b.w.embedded.tomcat.TomcatWebServer  : Tomcat started on port 8080 (http) with context path '/'
2024-10-09T12:39:46.330+03:00  INFO 14224 --- [restartedMain] c.jrp.pma.ProjectManagementApplication   : Started ProjectManagementApplication in 1.135 seconds (process running for 60150.682)
2024-10-09T12:39:46.333+03:00  INFO 14224 --- [restartedMain] .ConditionEvaluationDeltaLoggingListener : Condition evaluation unchanged
2024-10-09T13:01:25.682+03:00  INFO 14224 --- [File Watcher] rtingClassPathChangeChangedEventListener : Restarting due to 1 class path change (0 additions, 0 deletions, 1 modification)
2024-10-09T13:01:25.921+03:00  INFO 14224 --- [Thread-7] j.LocalContainerEntityManagerFactoryBean : Closing JPA EntityManagerFactory for persistence unit 'default'
2024-10-09T13:01:25.924+03:00  WARN 14224 --- [Thread-7] o.s.b.f.support.DisposableBeanAdapter    : Invocation of destroy method failed on bean with name 'inMemoryDatabaseShutdownExecutor': org.h2.jdbc.JdbcSQLNonTransientConnectionException: База данных уже закрыта (чтобы отключить автоматическое закрытие базы данных при останове JVM, добавьте ";DB_CLOSE_ON_EXIT=FALSE" в URL)
Database is already closed (to disable automatic closing at VM shutdown, add ";DB_CLOSE_ON_EXIT=FALSE" to the db URL) [90121-224]
2024-10-09T13:01:26.005+03:00  INFO 14224 --- [restartedMain] c.jrp.pma.ProjectManagementApplication   : Starting ProjectManagementApplication using Java 17.0.1 with PID 14224 (D:\ITStep\IdeaProjects\Spring5Boot2JPAThymeleafAOPWebMVCREST\project-management\target\classes started by User in D:\ITStep\IdeaProjects\Spring5Boot2JPAThymeleafAOPWebMVCREST\project-management)
2024-10-09T13:01:26.005+03:00 DEBUG 14224 --- [restartedMain] c.jrp.pma.ProjectManagementApplication   : Running with Spring Boot v3.3.1, Spring v6.1.10
2024-10-09T13:01:26.005+03:00  INFO 14224 --- [restartedMain] c.jrp.pma.ProjectManagementApplication   : The following 1 profile is active: "dev"
2024-10-09T13:01:26.203+03:00  INFO 14224 --- [restartedMain] .s.d.r.c.RepositoryConfigurationDelegate : Bootstrapping Spring Data JPA repositories in DEFAULT mode.
2024-10-09T13:01:26.211+03:00  INFO 14224 --- [restartedMain] .s.d.r.c.RepositoryConfigurationDelegate : Finished Spring Data repository scanning in 7 ms. Found 2 JPA repository interfaces.
2024-10-09T13:01:26.346+03:00  INFO 14224 --- [restartedMain] o.s.b.w.embedded.tomcat.TomcatWebServer  : Tomcat initialized with port 8080 (http)
2024-10-09T13:01:26.360+03:00  INFO 14224 --- [restartedMain] w.s.c.ServletWebServerApplicationContext : Root WebApplicationContext: initialization completed in 352 ms
2024-10-09T13:01:26.376+03:00  INFO 14224 --- [restartedMain] o.s.b.a.h2.H2ConsoleAutoConfiguration    : H2 console available at '/h2-console'. Database available at 'jdbc:h2:mem:35d6a0d4-e3de-44b1-af3c-29d0db15a88c'
2024-10-09T13:01:26.416+03:00  INFO 14224 --- [restartedMain] o.s.o.j.p.SpringPersistenceUnitInfo      : No LoadTimeWeaver setup: ignoring JPA class transformer
2024-10-09T13:01:26.479+03:00  INFO 14224 --- [restartedMain] j.LocalContainerEntityManagerFactoryBean : Initialized JPA EntityManagerFactory for persistence unit 'default'
2024-10-09T13:01:26.567+03:00  WARN 14224 --- [restartedMain] JpaBaseConfiguration$JpaWebConfiguration : spring.jpa.open-in-view is enabled by default. Therefore, database queries may be performed during view rendering. Explicitly configure spring.jpa.open-in-view to disable this warning
2024-10-09T13:01:26.809+03:00  INFO 14224 --- [restartedMain] r$InitializeUserDetailsManagerConfigurer : Global AuthenticationManager configured with UserDetailsService bean with name userDetailsService
2024-10-09T13:01:26.820+03:00  INFO 14224 --- [restartedMain] o.s.b.a.w.s.WelcomePageHandlerMapping    : Adding welcome page template: index
2024-10-09T13:01:26.963+03:00  INFO 14224 --- [restartedMain] o.s.b.d.a.OptionalLiveReloadServer       : LiveReload server is running on port 35729
2024-10-09T13:01:26.976+03:00  INFO 14224 --- [restartedMain] o.s.b.w.embedded.tomcat.TomcatWebServer  : Tomcat started on port 8080 (http) with context path '/'
2024-10-09T13:01:26.981+03:00  INFO 14224 --- [restartedMain] c.jrp.pma.ProjectManagementApplication   : Started ProjectManagementApplication in 1.01 seconds (process running for 61451.333)
2024-10-09T13:01:26.984+03:00  INFO 14224 --- [restartedMain] .ConditionEvaluationDeltaLoggingListener : Condition evaluation unchanged
2024-10-09T13:19:55.205+03:00  INFO 14224 --- [http-nio-8080-exec-1] o.s.web.servlet.DispatcherServlet        : Initializing Servlet 'dispatcherServlet'
2024-10-09T13:19:55.207+03:00  INFO 14224 --- [http-nio-8080-exec-1] o.s.web.servlet.DispatcherServlet        : Completed initialization in 2 ms
2024-10-09T14:09:33.318+03:00  INFO 14224 --- [File Watcher] rtingClassPathChangeChangedEventListener : Restarting due to 1 class path change (0 additions, 0 deletions, 1 modification)
2024-10-09T14:09:33.548+03:00  INFO 14224 --- [Thread-12] j.LocalContainerEntityManagerFactoryBean : Closing JPA EntityManagerFactory for persistence unit 'default'
2024-10-09T14:09:33.568+03:00  WARN 14224 --- [Thread-12] o.s.b.f.support.DisposableBeanAdapter    : Invocation of destroy method failed on bean with name 'inMemoryDatabaseShutdownExecutor': org.h2.jdbc.JdbcSQLNonTransientConnectionException: База данных уже закрыта (чтобы отключить автоматическое закрытие базы данных при останове JVM, добавьте ";DB_CLOSE_ON_EXIT=FALSE" в URL)
Database is already closed (to disable automatic closing at VM shutdown, add ";DB_CLOSE_ON_EXIT=FALSE" to the db URL) [90121-224]
2024-10-09 15:12:58.507  INFO 55240 --- [restartedMain] c.jrp.pma.ProjectManagementApplication   : Starting ProjectManagementApplication on DESKTOLAP with PID 55240 (D:\ITStep\IdeaProjects\Spring5Boot2JPAThymeleafAOPWebMVCREST\project-management\target\classes started by User in D:\ITStep\IdeaProjects\Spring5Boot2JPAThymeleafAOPWebMVCREST\project-management)
2024-10-09 15:12:58.509 DEBUG 55240 --- [restartedMain] c.jrp.pma.ProjectManagementApplication   : Running with Spring Boot v2.1.4.RELEASE, Spring v5.1.6.RELEASE
2024-10-09 15:12:58.510  INFO 55240 --- [restartedMain] c.jrp.pma.ProjectManagementApplication   : The following profiles are active: dev
2024-10-09 15:12:58.549  INFO 55240 --- [restartedMain] .e.DevToolsPropertyDefaultsPostProcessor : Devtools property defaults active! Set 'spring.devtools.add-properties' to 'false' to disable
2024-10-09 15:12:58.550  INFO 55240 --- [restartedMain] .e.DevToolsPropertyDefaultsPostProcessor : For additional web related logging consider setting the 'logging.level.web' property to 'DEBUG'
2024-10-09 15:12:58.630  WARN 55240 --- [restartedMain] ConfigServletWebServerApplicationContext : Exception encountered during context initialization - cancelling refresh attempt: org.springframework.beans.factory.BeanDefinitionStoreException: Failed to read candidate component class: file [D:\ITStep\IdeaProjects\Spring5Boot2JPAThymeleafAOPWebMVCREST\project-management\target\classes\com\jrp\pma\ProjectManagementApplication.class]; nested exception is org.springframework.core.NestedIOException: ASM ClassReader failed to parse class file - probably due to a new Java class file version that isn't supported yet: file [D:\ITStep\IdeaProjects\Spring5Boot2JPAThymeleafAOPWebMVCREST\project-management\target\classes\com\jrp\pma\ProjectManagementApplication.class]; nested exception is java.lang.IllegalArgumentException: Unsupported class file major version 61
2024-10-09 15:12:58.788 ERROR 55240 --- [restartedMain] o.s.boot.SpringApplication               : Application run failed

org.springframework.beans.factory.BeanDefinitionStoreException: Failed to read candidate component class: file [D:\ITStep\IdeaProjects\Spring5Boot2JPAThymeleafAOPWebMVCREST\project-management\target\classes\com\jrp\pma\ProjectManagementApplication.class]; nested exception is org.springframework.core.NestedIOException: ASM ClassReader failed to parse class file - probably due to a new Java class file version that isn't supported yet: file [D:\ITStep\IdeaProjects\Spring5Boot2JPAThymeleafAOPWebMVCREST\project-management\target\classes\com\jrp\pma\ProjectManagementApplication.class]; nested exception is java.lang.IllegalArgumentException: Unsupported class file major version 61
	at org.springframework.context.annotation.ClassPathScanningCandidateComponentProvider.scanCandidateComponents(ClassPathScanningCandidateComponentProvider.java:454) ~[spring-context-5.1.6.RELEASE.jar:5.1.6.RELEASE]
	at org.springframework.context.annotation.ClassPathScanningCandidateComponentProvider.findCandidateComponents(ClassPathScanningCandidateComponentProvider.java:316) ~[spring-context-5.1.6.RELEASE.jar:5.1.6.RELEASE]
	at org.springframework.context.annotation.ClassPathBeanDefinitionScanner.doScan(ClassPathBeanDefinitionScanner.java:275) ~[spring-context-5.1.6.RELEASE.jar:5.1.6.RELEASE]
	at org.springframework.context.annotation.ComponentScanAnnotationParser.parse(ComponentScanAnnotationParser.java:132) ~[spring-context-5.1.6.RELEASE.jar:5.1.6.RELEASE]
	at org.springframework.context.annotation.ConfigurationClassParser.doProcessConfigurationClass(ConfigurationClassParser.java:287) ~[spring-context-5.1.6.RELEASE.jar:5.1.6.RELEASE]
	at org.springframework.context.annotation.ConfigurationClassParser.processConfigurationClass(ConfigurationClassParser.java:242) ~[spring-context-5.1.6.RELEASE.jar:5.1.6.RELEASE]
	at org.springframework.context.annotation.ConfigurationClassParser.parse(ConfigurationClassParser.java:199) ~[spring-context-5.1.6.RELEASE.jar:5.1.6.RELEASE]
	at org.springframework.context.annotation.ConfigurationClassParser.parse(ConfigurationClassParser.java:167) ~[spring-context-5.1.6.RELEASE.jar:5.1.6.RELEASE]
	at org.springframework.context.annotation.ConfigurationClassPostProcessor.processConfigBeanDefinitions(ConfigurationClassPostProcessor.java:315) ~[spring-context-5.1.6.RELEASE.jar:5.1.6.RELEASE]
	at org.springframework.context.annotation.ConfigurationClassPostProcessor.postProcessBeanDefinitionRegistry(ConfigurationClassPostProcessor.java:232) ~[spring-context-5.1.6.RELEASE.jar:5.1.6.RELEASE]
	at org.springframework.context.support.PostProcessorRegistrationDelegate.invokeBeanDefinitionRegistryPostProcessors(PostProcessorRegistrationDelegate.java:275) ~[spring-context-5.1.6.RELEASE.jar:5.1.6.RELEASE]
	at org.springframework.context.support.PostProcessorRegistrationDelegate.invokeBeanFactoryPostProcessors(PostProcessorRegistrationDelegate.java:95) ~[spring-context-5.1.6.RELEASE.jar:5.1.6.RELEASE]
	at org.springframework.context.support.AbstractApplicationContext.invokeBeanFactoryPostProcessors(AbstractApplicationContext.java:705) ~[spring-context-5.1.6.RELEASE.jar:5.1.6.RELEASE]
	at org.springframework.context.support.AbstractApplicationContext.refresh(AbstractApplicationContext.java:531) ~[spring-context-5.1.6.RELEASE.jar:5.1.6.RELEASE]
	at org.springframework.boot.web.servlet.context.ServletWebServerApplicationContext.refresh(ServletWebServerApplicationContext.java:142) ~[spring-boot-2.1.4.RELEASE.jar:2.1.4.RELEASE]
	at org.springframework.boot.SpringApplication.refresh(SpringApplication.java:775) ~[spring-boot-2.1.4.RELEASE.jar:2.1.4.RELEASE]
	at org.springframework.boot.SpringApplication.refreshContext(SpringApplication.java:397) ~[spring-boot-2.1.4.RELEASE.jar:2.1.4.RELEASE]
	at org.springframework.boot.SpringApplication.run(SpringApplication.java:316) ~[spring-boot-2.1.4.RELEASE.jar:2.1.4.RELEASE]
	at org.springframework.boot.SpringApplication.run(SpringApplication.java:1260) ~[spring-boot-2.1.4.RELEASE.jar:2.1.4.RELEASE]
	at org.springframework.boot.SpringApplication.run(SpringApplication.java:1248) ~[spring-boot-2.1.4.RELEASE.jar:2.1.4.RELEASE]
	at com.jrp.pma.ProjectManagementApplication.main(ProjectManagementApplication.java:27) ~[classes/:na]
	at java.base/jdk.internal.reflect.NativeMethodAccessorImpl.invoke0(Native Method) ~[na:na]
	at java.base/jdk.internal.reflect.NativeMethodAccessorImpl.invoke(NativeMethodAccessorImpl.java:77) ~[na:na]
	at java.base/jdk.internal.reflect.DelegatingMethodAccessorImpl.invoke(DelegatingMethodAccessorImpl.java:43) ~[na:na]
	at java.base/java.lang.reflect.Method.invoke(Method.java:568) ~[na:na]
	at org.springframework.boot.devtools.restart.RestartLauncher.run(RestartLauncher.java:49) ~[spring-boot-devtools-2.1.4.RELEASE.jar:2.1.4.RELEASE]
Caused by: org.springframework.core.NestedIOException: ASM ClassReader failed to parse class file - probably due to a new Java class file version that isn't supported yet: file [D:\ITStep\IdeaProjects\Spring5Boot2JPAThymeleafAOPWebMVCREST\project-management\target\classes\com\jrp\pma\ProjectManagementApplication.class]; nested exception is java.lang.IllegalArgumentException: Unsupported class file major version 61
	at org.springframework.core.type.classreading.SimpleMetadataReader.<init>(SimpleMetadataReader.java:57) ~[spring-core-5.1.6.RELEASE.jar:5.1.6.RELEASE]
	at org.springframework.core.type.classreading.SimpleMetadataReaderFactory.getMetadataReader(SimpleMetadataReaderFactory.java:103) ~[spring-core-5.1.6.RELEASE.jar:5.1.6.RELEASE]
	at org.springframework.core.type.classreading.CachingMetadataReaderFactory.getMetadataReader(CachingMetadataReaderFactory.java:123) ~[spring-core-5.1.6.RELEASE.jar:5.1.6.RELEASE]
	at org.springframework.context.annotation.ClassPathScanningCandidateComponentProvider.scanCandidateComponents(ClassPathScanningCandidateComponentProvider.java:430) ~[spring-context-5.1.6.RELEASE.jar:5.1.6.RELEASE]
	... 25 common frames omitted
Caused by: java.lang.IllegalArgumentException: Unsupported class file major version 61
	at org.springframework.asm.ClassReader.<init>(ClassReader.java:184) ~[spring-core-5.1.6.RELEASE.jar:5.1.6.RELEASE]
	at org.springframework.asm.ClassReader.<init>(ClassReader.java:166) ~[spring-core-5.1.6.RELEASE.jar:5.1.6.RELEASE]
	at org.springframework.asm.ClassReader.<init>(ClassReader.java:152) ~[spring-core-5.1.6.RELEASE.jar:5.1.6.RELEASE]
	at org.springframework.asm.ClassReader.<init>(ClassReader.java:273) ~[spring-core-5.1.6.RELEASE.jar:5.1.6.RELEASE]
	at org.springframework.core.type.classreading.SimpleMetadataReader.<init>(SimpleMetadataReader.java:54) ~[spring-core-5.1.6.RELEASE.jar:5.1.6.RELEASE]
	... 28 common frames omitted

